#
# A fatal error has been detected by the Java Runtime Environment:
#
#  EXCEPTION_ACCESS_VIOLATION (0xc0000005) at pc=0x00007ffdb46c25bb, pid=16076, tid=15792
#
# JRE version: OpenJDK Runtime Environment Temurin-22.0.2+9 (22.0.2+9) (build 22.0.2+9)
# Java VM: OpenJDK 64-Bit Server VM Temurin-22.0.2+9 (22.0.2+9, mixed mode, tiered, compressed oops, compressed class ptrs, g1 gc, windows-amd64)
# Problematic frame:
# V  [jvm.dll+0x2025bb]
#
# No core dump will be written. Minidumps are not enabled by default on client versions of Windows
#
# If you would like to submit a bug report, please visit:
#   https://github.com/adoptium/adoptium-support/issues
#

---------------  S U M M A R Y ------------

Command Line: -Dfile.encoding=UTF-8 -Dstdout.encoding=UTF-8 -Dstderr.encoding=UTF-8 -XX:+ShowCodeDetailsInExceptionMessages Day32.Practise32

Host: Intel(R) Core(TM) i3-10110U CPU @ 2.10GHz, 4 cores, 23G,  Windows 11 , 64 bit Build 22621 (10.0.22621.4391)
Time: Sun Nov 17 17:56:23 2024 India Standard Time elapsed time: 2.496424 seconds (0d 0h 0m 2s)

---------------  T H R E A D  ---------------

Current thread (0x000001fda70976c0):  JavaThread "C2 CompilerThread0" daemon [_thread_in_vm, id=15792, stack(0x0000007dc9300000,0x0000007dc9400000) (1024K)]


Current CompileTask:
C2:2496 1855       4       java.lang.invoke.MethodType::methodType (69 bytes)

Stack: [0x0000007dc9300000,0x0000007dc9400000],  sp=0x0000007dc93febc0,  free space=1018k
Native frames: (J=compiled Java code, j=interpreted, Vv=VM code, C=native code)
V  [jvm.dll+0x2025bb]  (no source info available)
V  [jvm.dll+0x1eb301]  (no source info available)
V  [jvm.dll+0x25d542]  (no source info available)
V  [jvm.dll+0x25b5da]  (no source info available)
V  [jvm.dll+0x3fc036]  (no source info available)
V  [jvm.dll+0x875e6b]  (no source info available)
V  [jvm.dll+0x6e8da5]  (no source info available)
C  [ucrtbase.dll+0x29333]  (no source info available)
C  [KERNEL32.DLL+0x1259d]  (no source info available)
C  [ntdll.dll+0x5af38]  (no source info available)


siginfo: EXCEPTION_ACCESS_VIOLATION (0xc0000005), reading address 0x000041fda86002d0


Registers:
RAX=0x000001fda7ae9670, RBX=0x0000000000000741, RCX=0x000041fda86002c0, RDX=0x000000000000ffff
RSP=0x0000007dc93febc0, RBP=0x0000000000000070, RSI=0x000001fda82b35b0, RDI=0x0000000000003a08
R8 =0x000000007ffe8000, R9 =0x0000000000000083, R10=0x0000000000000001, R11=0x000000759ee10e00
R12=0x000001fda7055c90, R13=0x0000000000000000, R14=0x0000000000000020, R15=0x0000000000000000
RIP=0x00007ffdb46c25bb, EFLAGS=0x0000000000010293


Register to memory mapping:

RAX=0x000001fda7ae9670 points into unknown readable memory: 0x000001fda7bcc810 | 10 c8 bc a7 fd 01 00 00
RBX=0x0000000000000741 is an unknown value
RCX=0x000041fda86002c0 is an unknown value
RDX=0x000000000000ffff is an unknown value
RSP=0x0000007dc93febc0 is pointing into the stack for thread: 0x000001fda70976c0
RBP=0x0000000000000070 is an unknown value
RSI=0x000001fda82b35b0 points into unknown readable memory: 0x0000007dc93ff088 | 88 f0 3f c9 7d 00 00 00
RDI=0x0000000000003a08 is an unknown value
R8 =0x000000007ffe8000 points into unknown readable memory: 0x0000000000000001 | 01 00 00 00 00 00 00 00
R9 =0x0000000000000083 is an unknown value
R10=0x0000000000000001 is an unknown value
R11=0x000000759ee10e00 is an unknown value
R12=0x000001fda7055c90 points into unknown readable memory: 0x00007ffdb4ef2ca0 | a0 2c ef b4 fd 7f 00 00
R13=0x0 is null
R14=0x0000000000000020 is an unknown value
R15=0x0 is null

Top of Stack: (sp=0x0000007dc93febc0)
0x0000007dc93febc0:   0000007dc93feea8 00007ffdb4d41737
0x0000007dc93febd0:   00003b7d7bfb0b65 000001fda30b9df8
0x0000007dc93febe0:   0000007dc93ff080 00007ffdb46ab301
0x0000007dc93febf0:   000001fda70976c0 000001fda70976c0
0x0000007dc93fec00:   0000000000000000 000001fda70976c0
0x0000007dc93fec10:   0000000000000000 00007ffdb471d542
0x0000007dc93fec20:   000001fda72c5670 000001fda7bcc770
0x0000007dc93fec30:   0000007dc93fed20 000001fda70976c0
0x0000007dc93fec40:   000001fda7075701 000001fda7019c70
0x0000007dc93fec50:   0000000000000000 0000000000000000
0x0000007dc93fec60:   0000000000000000 0000000000000000
0x0000007dc93fec70:   ffffffff00000000 00000000a2f1dc00
0x0000007dc93fec80:   000001fda7019c70 0000000000000004
0x0000007dc93fec90:   0000000000000000 000001fda7075b38
0x0000007dc93feca0:   000001fda7055c90 0000000000000000
0x0000007dc93fecb0:   000001fda2f1dce0 000000000000073f
0x0000007dc93fecc0:   00000000000003d8 000001fda7075760
0x0000007dc93fecd0:   000001fda3010e98 000001fda70976c0
0x0000007dc93fece0:   000001fda7075750 000001fda30b9df8
0x0000007dc93fecf0:   000001fda70976c0 00000000003725a9
0x0000007dc93fed00:   0000000000000000 0000000000000000
0x0000007dc93fed10:   000001fda7075760 000001fda7075b38
0x0000007dc93fed20:   000001fda30b9df8 000001fda7075750
0x0000007dc93fed30:   00000000000003d8 0000000000000000
0x0000007dc93fed40:   0000000000000000 0000000000000000
0x0000007dc93fed50:   0000000000000000 0000000000000000
0x0000007dc93fed60:   0000000000000000 0000000000000000
0x0000007dc93fed70:   0000000000000000 0000000000000000
0x0000007dc93fed80:   0000000000000000 0000000000000000
0x0000007dc93fed90:   0000000000000000 0000000000000000
0x0000007dc93feda0:   0000000000000000 0000000000000000
0x0000007dc93fedb0:   0000000000000000 0000000000000000 

Instructions: (pc=0x00007ffdb46c25bb)
0x00007ffdb46c24bb:   75 05 e8 96 b8 76 00 48 8b 04 1e 48 8b 88 70 06
0x00007ffdb46c24cb:   00 00 48 8b 49 38 e8 8a ea ff ff 48 8d 4c 24 60
0x00007ffdb46c24db:   c6 05 de 82 aa 00 01 e8 29 8d fe ff 48 8d 4c 24
0x00007ffdb46c24eb:   20 e8 ef 81 1a 00 48 8b 8c 24 60 05 00 00 48 33
0x00007ffdb46c24fb:   cc e8 ff b8 76 00 4c 8d 9c 24 70 05 00 00 49 8b
0x00007ffdb46c250b:   5b 10 49 8b 73 18 49 8b e3 5f c3 cc cc cc cc cc
0x00007ffdb46c251b:   cc cc cc cc cc 48 89 5c 24 10 48 89 74 24 18 41
0x00007ffdb46c252b:   56 48 83 ec 20 33 db 4c 8b f2 48 8b f1 39 59 08
0x00007ffdb46c253b:   7e 38 48 89 7c 24 30 8b fb 0f 1f 40 00 0f 1f 84
0x00007ffdb46c254b:   00 00 00 00 00 48 8b 46 10 49 8b ce 4d 8b 06 48
0x00007ffdb46c255b:   8b 14 38 48 8b 52 10 41 ff 10 ff c3 48 8d 7f 08
0x00007ffdb46c256b:   3b 5e 08 7c e0 48 8b 7c 24 30 48 8b 5c 24 38 48
0x00007ffdb46c257b:   8b 74 24 40 48 83 c4 20 41 5e c3 cc cc cc cc cc
0x00007ffdb46c258b:   cc cc cc cc cc 48 89 5c 24 10 56 48 83 ec 20 33
0x00007ffdb46c259b:   db 48 8b f1 39 99 80 00 00 00 7e 30 48 89 7c 24
0x00007ffdb46c25ab:   30 8b fb 66 90 48 8b 86 88 00 00 00 48 8b 0c 38
0x00007ffdb46c25bb:   48 8b 49 10 e8 0c 36 63 00 ff c3 48 8d 7f 08 3b
0x00007ffdb46c25cb:   9e 80 00 00 00 7c de 48 8b 7c 24 30 48 8b 5c 24
0x00007ffdb46c25db:   38 48 83 c4 20 5e c3 cc cc cc cc cc cc cc cc cc
0x00007ffdb46c25eb:   cc cc cc cc cc 48 8d 05 71 30 82 00 c3 cc cc cc
0x00007ffdb46c25fb:   cc cc cc cc cc 48 8d 05 e1 2c 82 00 c3 cc cc cc
0x00007ffdb46c260b:   cc cc cc cc cc 48 8d 05 b1 2f 82 00 c3 cc cc cc
0x00007ffdb46c261b:   cc cc cc cc cc 48 8d 05 d9 30 82 00 c3 cc cc cc
0x00007ffdb46c262b:   cc cc cc cc cc 48 8d 05 69 31 82 00 c3 cc cc cc
0x00007ffdb46c263b:   cc cc cc cc cc 48 63 c1 48 8d 0d 86 81 aa 00 48
0x00007ffdb46c264b:   8b 04 c1 c3 cc 40 57 48 83 ec 20 48 8b 3d 33 6c
0x00007ffdb46c265b:   aa 00 80 bf 18 06 00 00 00 74 69 48 89 5c 24 30
0x00007ffdb46c266b:   8b 19 85 db 74 59 65 48 8b 04 25 58 00 00 00 8b
0x00007ffdb46c267b:   0d 74 e8 b0 00 48 89 74 24 38 48 8b 34 c8 b8 70
0x00007ffdb46c268b:   00 00 00 80 3c 30 00 75 05 e8 bf b6 76 00 8b 0d
0x00007ffdb46c269b:   81 9e a4 00 4c 8b c3 49 d3 e0 48 8d 8f f0 04 00
0x00007ffdb46c26ab:   00 4c 03 05 65 9e a4 00 ba 20 00 00 00 48 8b 14 


Stack slot to memory mapping:

stack at sp + 0 slots: 0x0000007dc93feea8 is pointing into the stack for thread: 0x000001fda70976c0
stack at sp + 1 slots: 0x00007ffdb4d41737 jvm.dll
stack at sp + 2 slots: 0x00003b7d7bfb0b65 is an unknown value
stack at sp + 3 slots: {method} {0x000001fda30b9e00} 'methodType' '(Ljava/lang/Class;[Ljava/lang/Class;Z)Ljava/lang/invoke/MethodType;' in 'java/lang/invoke/MethodType'
stack at sp + 4 slots: 0x0000007dc93ff080 is pointing into the stack for thread: 0x000001fda70976c0
stack at sp + 5 slots: 0x00007ffdb46ab301 jvm.dll
stack at sp + 6 slots: 0x000001fda70976c0 is a thread
stack at sp + 7 slots: 0x000001fda70976c0 is a thread


---------------  P R O C E S S  ---------------

Threads class SMR info:
_java_thread_list=0x000001fda845d060, length=28, elements={
0x000001fd846761c0, 0x000001fda7067ea0, 0x000001fda7068a30, 0x000001fda7076490,
0x000001fda7076ef0, 0x000001fda7074070, 0x000001fda7072e20, 0x000001fda70976c0,
0x000001fda7097d80, 0x000001fda72414c0, 0x000001fda724f980, 0x000001fda7c4b4f0,
0x000001fda83dff60, 0x000001fda830a4a0, 0x000001fda830ab10, 0x000001fda8411750,
0x000001fda8306150, 0x000001fda83067c0, 0x000001fda83ec090, 0x000001fda83ee160,
0x000001fda83ecdb0, 0x000001fda83ed440, 0x000001fda83eace0, 0x000001fda83eb370,
0x000001fda83eba00, 0x000001fda83ec720, 0x000001fda83edad0, 0x000001fda8484850
}

Java Threads: ( => current thread )
  0x000001fd846761c0 JavaThread "Forwarding get on session d024e40f96d89e611b28ccd7c4a6462f to remote"        [_thread_blocked, id=8248, stack(0x0000007dc8400000,0x0000007dc8500000) (1024K)]
  0x000001fda7067ea0 JavaThread "Reference Handler"          daemon [_thread_blocked, id=1128, stack(0x0000007dc8d00000,0x0000007dc8e00000) (1024K)]
  0x000001fda7068a30 JavaThread "Finalizer"                  daemon [_thread_blocked, id=5300, stack(0x0000007dc8e00000,0x0000007dc8f00000) (1024K)]
  0x000001fda7076490 JavaThread "Signal Dispatcher"          daemon [_thread_blocked, id=9192, stack(0x0000007dc8f00000,0x0000007dc9000000) (1024K)]
  0x000001fda7076ef0 JavaThread "Attach Listener"            daemon [_thread_blocked, id=14240, stack(0x0000007dc9000000,0x0000007dc9100000) (1024K)]
  0x000001fda7074070 JavaThread "Service Thread"             daemon [_thread_blocked, id=1364, stack(0x0000007dc9100000,0x0000007dc9200000) (1024K)]
  0x000001fda7072e20 JavaThread "Monitor Deflation Thread"   daemon [_thread_blocked, id=2476, stack(0x0000007dc9200000,0x0000007dc9300000) (1024K)]
=>0x000001fda70976c0 JavaThread "C2 CompilerThread0"         daemon [_thread_in_vm, id=15792, stack(0x0000007dc9300000,0x0000007dc9400000) (1024K)]
  0x000001fda7097d80 JavaThread "C1 CompilerThread0"         daemon [_thread_blocked, id=15784, stack(0x0000007dc9400000,0x0000007dc9500000) (1024K)]
  0x000001fda72414c0 JavaThread "Notification Thread"        daemon [_thread_blocked, id=15780, stack(0x0000007dc9500000,0x0000007dc9600000) (1024K)]
  0x000001fda724f980 JavaThread "Common-Cleaner"             daemon [_thread_blocked, id=12700, stack(0x0000007dc9600000,0x0000007dc9700000) (1024K)]
  0x000001fda7c4b4f0 JavaThread "ForkJoinPool.commonPool-worker-1" daemon [_thread_blocked, id=5056, stack(0x0000007dc9700000,0x0000007dc9800000) (1024K)]
  0x000001fda83dff60 JavaThread "HttpClient-1-SelectorManager" daemon [_thread_in_native, id=4068, stack(0x0000007dc9b00000,0x0000007dc9c00000) (1024K)]
  0x000001fda830a4a0 JavaThread "External Process Output Forwarder - C:\Users\HP\.cache\selenium\chromedriver\win64\131.0.6778.69\chromedriver.exe" daemon [_thread_in_native, id=15728, stack(0x0000007dc9c00000,0x0000007dc9d00000) (1024K)]
  0x000001fda830ab10 JavaThread "Driver Service Executor"    daemon [_thread_blocked, id=9792, stack(0x0000007dc9d00000,0x0000007dc9e00000) (1024K)]
  0x000001fda8411750 JavaThread "Driver Service Executor"    daemon [_thread_in_native, id=16000, stack(0x0000007dc9e00000,0x0000007dc9f00000) (1024K)]
  0x000001fda8306150 JavaThread "UrlChecker-2"               daemon [_thread_blocked, id=15084, stack(0x0000007dc9f00000,0x0000007dca000000) (1024K)]
  0x000001fda83067c0 JavaThread "Keep-Alive-Timer"           daemon [_thread_blocked, id=10452, stack(0x0000007dca100000,0x0000007dca200000) (1024K)]
  0x000001fda83ec090 JavaThread "JdkHttpClient-0-0"          daemon [_thread_blocked, id=15116, stack(0x0000007dca200000,0x0000007dca300000) (1024K)]
  0x000001fda83ee160 JavaThread "CompletableFutureDelayScheduler" daemon [_thread_blocked, id=6652, stack(0x0000007dca300000,0x0000007dca400000) (1024K)]
  0x000001fda83ecdb0 JavaThread "JdkHttpClient-0-1"          daemon [_thread_blocked, id=4368, stack(0x0000007dca400000,0x0000007dca500000) (1024K)]
  0x000001fda83ed440 JavaThread "JdkHttpClient-0-2"          daemon [_thread_blocked, id=7464, stack(0x0000007dca500000,0x0000007dca600000) (1024K)]
  0x000001fda83eace0 JavaThread "JdkHttpClient-0-3"          daemon [_thread_blocked, id=14860, stack(0x0000007dca600000,0x0000007dca700000) (1024K)]
  0x000001fda83eb370 JavaThread "HttpClient-2-SelectorManager" daemon [_thread_in_native, id=2188, stack(0x0000007dca700000,0x0000007dca800000) (1024K)]
  0x000001fda83eba00 JavaThread "JdkHttpClient-1-0"          daemon [_thread_blocked, id=2768, stack(0x0000007dca800000,0x0000007dca900000) (1024K)]
  0x000001fda83ec720 JavaThread "JdkHttpClient-1-1"          daemon [_thread_blocked, id=8276, stack(0x0000007dca900000,0x0000007dcaa00000) (1024K)]
  0x000001fda83edad0 JavaThread "JdkHttpClient-1-2"          daemon [_thread_blocked, id=4900, stack(0x0000007dcaa00000,0x0000007dcab00000) (1024K)]
  0x000001fda8484850 JavaThread "JdkHttpClient-1-3"          daemon [_thread_blocked, id=9488, stack(0x0000007dcab00000,0x0000007dcac00000) (1024K)]
Total: 28

Other Threads:
  0x000001fda2f1eaa0 VMThread "VM Thread"                           [id=5824, stack(0x0000007dc8b00000,0x0000007dc8c00000) (1024K)]
  0x000001fda2e9c8c0 WatcherThread "VM Periodic Task Thread"        [id=11632, stack(0x0000007dc8a00000,0x0000007dc8b00000) (1024K)]
  0x000001fd84919c90 WorkerThread "GC Thread#0"                     [id=5112, stack(0x0000007dc8500000,0x0000007dc8600000) (1024K)]
  0x000001fda82cdc60 WorkerThread "GC Thread#1"                     [id=15476, stack(0x0000007dc9800000,0x0000007dc9900000) (1024K)]
  0x000001fda82ce010 WorkerThread "GC Thread#2"                     [id=2204, stack(0x0000007dc9900000,0x0000007dc9a00000) (1024K)]
  0x000001fda82ce3c0 WorkerThread "GC Thread#3"                     [id=15756, stack(0x0000007dc9a00000,0x0000007dc9b00000) (1024K)]
  0x000001fd84927ae0 ConcurrentGCThread "G1 Main Marker"            [id=14660, stack(0x0000007dc8600000,0x0000007dc8700000) (1024K)]
  0x000001fd849285f0 WorkerThread "G1 Conc#0"                       [id=13240, stack(0x0000007dc8700000,0x0000007dc8800000) (1024K)]
  0x000001fda2d73630 ConcurrentGCThread "G1 Refine#0"               [id=12512, stack(0x0000007dc8800000,0x0000007dc8900000) (1024K)]
  0x000001fda2d73fc0 ConcurrentGCThread "G1 Service"                [id=6920, stack(0x0000007dc8900000,0x0000007dc8a00000) (1024K)]
Total: 10

Threads with active compile tasks:
C2 CompilerThread0  2553 1855       4       java.lang.invoke.MethodType::methodType (69 bytes)
Total: 1

VM state: not at safepoint (normal execution)

VM Mutex/Monitor currently owned by a thread: None

Heap address: 0x0000000683400000, size: 6092 MB, Compressed Oops mode: Zero based, Oop shift amount: 3

CDS archive(s) not mapped
Compressed class space mapped at: 0x0000000096000000-0x00000000d6000000, reserved size: 1073741824
Narrow klass base: 0x0000000000000000, Narrow klass shift: 0, Narrow klass range: 0xd6000000

GC Precious Log:
 CardTable entry size: 512
 Card Set container configuration: InlinePtr #cards 4 size 8 Array Of Cards #cards 32 size 80 Howl #buckets 8 coarsen threshold 7372 Howl Bitmap #cards 1024 size 144 coarsen threshold 921 Card regions per heap region 1 cards per card region 8192
 CPUs: 4 total, 4 available
 Memory: 24363M
 Large Page Support: Disabled
 NUMA Support: Disabled
 Compressed Oops: Enabled (Zero based)
 Heap Region Size: 4M
 Heap Min Capacity: 8M
 Heap Initial Capacity: 384M
 Heap Max Capacity: 6092M
 Pre-touch: Disabled
 Parallel Workers: 4
 Concurrent Workers: 1
 Concurrent Refinement Workers: 4
 Periodic GC: Disabled

Heap:
 garbage-first heap   total reserved 6238208K, committed 40960K, used 8826K [0x0000000683400000, 0x0000000800000000)
  region size 4096K, 2 young (8192K), 1 survivors (4096K)
 Metaspace       used 21487K, committed 21824K, reserved 1114112K
  class space    used 2297K, committed 2432K, reserved 1048576K

Heap Regions: E=young(eden), S=young(survivor), O=old, HS=humongous(starts), HC=humongous(continues), CS=collection set, F=free, TAMS=top-at-mark-start, PB=parsable bottom
|   0|0x0000000683400000, 0x0000000683800000, 0x0000000683800000|100%| O|  |TAMS 0x0000000683400000| PB 0x0000000683400000| Untracked |  0
|   1|0x0000000683800000, 0x00000006839c7030, 0x0000000683c00000| 44%| O|Cm|TAMS 0x0000000683800000| PB 0x0000000683800000| Complete |  0
|   2|0x0000000683c00000, 0x0000000683c00000, 0x0000000684000000|  0%| F|  |TAMS 0x0000000683c00000| PB 0x0000000683c00000| Untracked |  0
|   3|0x0000000684000000, 0x0000000684000000, 0x0000000684400000|  0%| F|  |TAMS 0x0000000684000000| PB 0x0000000684000000| Untracked |  0
|   4|0x0000000684400000, 0x0000000684400000, 0x0000000684800000|  0%| F|  |TAMS 0x0000000684400000| PB 0x0000000684400000| Untracked |  0
|   5|0x0000000684800000, 0x0000000684800000, 0x0000000684c00000|  0%| F|  |TAMS 0x0000000684800000| PB 0x0000000684800000| Untracked |  0
|   6|0x0000000684c00000, 0x0000000684c00000, 0x0000000685000000|  0%| F|  |TAMS 0x0000000684c00000| PB 0x0000000684c00000| Untracked |  0
|   7|0x0000000685000000, 0x0000000685000000, 0x0000000685400000|  0%| F|  |TAMS 0x0000000685000000| PB 0x0000000685000000| Untracked |  0
|  91|0x000000069a000000, 0x000000069a2d78c0, 0x000000069a400000| 71%| S|CS|TAMS 0x000000069a000000| PB 0x000000069a000000| Complete |  0
|  95|0x000000069b000000, 0x000000069b1ad4d0, 0x000000069b400000| 41%| E|  |TAMS 0x000000069b000000| PB 0x000000069b000000| Complete |  0

Card table byte_map: [0x000001fd99d70000,0x000001fd9a960000] _byte_map_base: 0x000001fd96956000

Marking Bits: (CMBitMap*) 0x000001fd8491a3a0
 Bits: [0x000001fd9a960000, 0x000001fda0890000)

Polling page: 0x000001fd89b30000

Metaspace:

Usage:
  Non-class:     18.74 MB used.
      Class:      2.24 MB used.
       Both:     20.98 MB used.

Virtual space:
  Non-class space:       64.00 MB reserved,      18.94 MB ( 30%) committed,  1 nodes.
      Class space:        1.00 GB reserved,       2.38 MB ( <1%) committed,  1 nodes.
             Both:        1.06 GB reserved,      21.31 MB (  2%) committed. 

Chunk freelists:
   Non-Class:  12.31 MB
       Class:  13.56 MB
        Both:  25.88 MB

MaxMetaspaceSize: unlimited
CompressedClassSpaceSize: 1.00 GB
Initial GC threshold: 21.00 MB
Current GC threshold: 35.44 MB
CDS: off
 - commit_granule_bytes: 65536.
 - commit_granule_words: 8192.
 - virtual_space_node_default_size: 8388608.
 - enlarge_chunks_in_place: 1.
 - use_allocation_guard: 0.


Internal statistics:

num_allocs_failed_limit: 3.
num_arena_births: 342.
num_arena_deaths: 0.
num_vsnodes_births: 2.
num_vsnodes_deaths: 0.
num_space_committed: 341.
num_space_uncommitted: 0.
num_chunks_returned_to_freelist: 3.
num_chunks_taken_from_freelist: 654.
num_chunk_merges: 0.
num_chunk_splits: 369.
num_chunks_enlarged: 202.
num_inconsistent_stats: 0.

CodeHeap 'non-profiled nmethods': size=120000Kb used=618Kb max_used=618Kb free=119381Kb
 bounds [0x000001fd91620000, 0x000001fd91890000, 0x000001fd98b50000]
CodeHeap 'profiled nmethods': size=120000Kb used=3533Kb max_used=3533Kb free=116467Kb
 bounds [0x000001fd89b50000, 0x000001fd89ed0000, 0x000001fd91080000]
CodeHeap 'non-nmethods': size=5760Kb used=1468Kb max_used=1547Kb free=4291Kb
 bounds [0x000001fd91080000, 0x000001fd912f0000, 0x000001fd91620000]
 total_blobs=2434 nmethods=1882 adapters=457
 compilation: enabled
              stopped_count=0, restarted_count=0
 full_count=0

Compilation events (20 events):
Event: 2.168 Thread 0x000001fda7097d80 nmethod 1874 0x000001fd89ebe810 code [0x000001fd89ebe9a0, 0x000001fd89ebeac8]
Event: 2.168 Thread 0x000001fda7097d80 1875       3       java.util.HashMap::computeIfAbsent (330 bytes)
Event: 2.169 Thread 0x000001fda7097d80 nmethod 1875 0x000001fd89ebeb90 code [0x000001fd89ebeea0, 0x000001fd89ec0338]
Event: 2.169 Thread 0x000001fda7097d80 1876       3       org.openqa.selenium.json.StaticInitializerCoercer$$Lambda/0x0000000096147580::test (8 bytes)
Event: 2.169 Thread 0x000001fda7097d80 nmethod 1876 0x000001fd89ec0910 code [0x000001fd89ec0ac0, 0x000001fd89ec0db8]
Event: 2.169 Thread 0x000001fda7097d80 1877       3       org.openqa.selenium.json.StaticInitializerCoercer::lambda$getMethods$1 (8 bytes)
Event: 2.170 Thread 0x000001fda7097d80 nmethod 1877 0x000001fd89ec0f10 code [0x000001fd89ec10c0, 0x000001fd89ec1280]
Event: 2.170 Thread 0x000001fda7097d80 1878       3       java.util.stream.ReferencePipeline$2::opWrapSink (10 bytes)
Event: 2.171 Thread 0x000001fda7097d80 nmethod 1878 0x000001fd89ec1390 code [0x000001fd89ec1580, 0x000001fd89ec1ae8]
Event: 2.172 Thread 0x000001fda7097d80 1879       3       java.util.stream.ReferencePipeline::filter (22 bytes)
Event: 2.174 Thread 0x000001fda7097d80 nmethod 1879 0x000001fd89ec1c90 code [0x000001fd89ec1e80, 0x000001fd89ec2338]
Event: 2.174 Thread 0x000001fda7097d80 1880       3       java.util.stream.ReferencePipeline$2::<init> (15 bytes)
Event: 2.175 Thread 0x000001fda7097d80 nmethod 1880 0x000001fd89ec2590 code [0x000001fd89ec2740, 0x000001fd89ec29c8]
Event: 2.176 Thread 0x000001fda7097d80 1881       3       java.util.concurrent.CompletableFuture::<init> (5 bytes)
Event: 2.176 Thread 0x000001fda7097d80 nmethod 1881 0x000001fd89ec2b10 code [0x000001fd89ec2ca0, 0x000001fd89ec2e08]
Event: 2.176 Thread 0x000001fda7097d80 1882       3       java.nio.MappedByteBuffer::limit (6 bytes)
Event: 2.176 Thread 0x000001fda7097d80 nmethod 1882 0x000001fd89ec2f10 code [0x000001fd89ec30c0, 0x000001fd89ec32d0]
Event: 2.176 Thread 0x000001fda7097d80 1883       1       java.util.concurrent.atomic.AtomicReference::get (5 bytes)
Event: 2.176 Thread 0x000001fda7097d80 nmethod 1883 0x000001fd916ac090 code [0x000001fd916ac220, 0x000001fd916ac2f0]
Event: 2.485 Thread 0x000001fda70976c0 nmethod 1855 0x000001fd916ac390 code [0x000001fd916acec0, 0x000001fd916b5b60]

GC Heap History (6 events):
Event: 0.944 GC heap before
{Heap before GC invocations=0 (full 0):
 garbage-first heap   total reserved 6238208K, committed 393216K, used 16384K [0x0000000683400000, 0x0000000800000000)
  region size 4096K, 4 young (16384K), 0 survivors (0K)
 Metaspace       used 15044K, committed 15296K, reserved 1114112K
  class space    used 1477K, committed 1600K, reserved 1048576K
}
Event: 0.949 GC heap after
{Heap after GC invocations=1 (full 0):
 garbage-first heap   total reserved 6238208K, committed 393216K, used 5840K [0x0000000683400000, 0x0000000800000000)
  region size 4096K, 1 young (4096K), 1 survivors (4096K)
 Metaspace       used 15044K, committed 15296K, reserved 1114112K
  class space    used 1477K, committed 1600K, reserved 1048576K
}
Event: 1.177 GC heap before
{Heap before GC invocations=1 (full 0):
 garbage-first heap   total reserved 6238208K, committed 393216K, used 18128K [0x0000000683400000, 0x0000000800000000)
  region size 4096K, 4 young (16384K), 1 survivors (4096K)
 Metaspace       used 18578K, committed 18816K, reserved 1114112K
  class space    used 1898K, committed 1984K, reserved 1048576K
}
Event: 1.181 GC heap after
{Heap after GC invocations=2 (full 0):
 garbage-first heap   total reserved 6238208K, committed 393216K, used 7899K [0x0000000683400000, 0x0000000800000000)
  region size 4096K, 1 young (4096K), 1 survivors (4096K)
 Metaspace       used 18578K, committed 18816K, reserved 1114112K
  class space    used 1898K, committed 1984K, reserved 1048576K
}
Event: 2.104 GC heap before
{Heap before GC invocations=2 (full 0):
 garbage-first heap   total reserved 6238208K, committed 393216K, used 16091K [0x0000000683400000, 0x0000000800000000)
  region size 4096K, 4 young (16384K), 1 survivors (4096K)
 Metaspace       used 21192K, committed 21504K, reserved 1114112K
  class space    used 2266K, committed 2432K, reserved 1048576K
}
Event: 2.107 GC heap after
{Heap after GC invocations=3 (full 0):
 garbage-first heap   total reserved 6238208K, committed 393216K, used 8826K [0x0000000683400000, 0x0000000800000000)
  region size 4096K, 1 young (4096K), 1 survivors (4096K)
 Metaspace       used 21192K, committed 21504K, reserved 1114112K
  class space    used 2266K, committed 2432K, reserved 1048576K
}

Dll operation events (8 events):
Event: 0.009 Loaded shared library C:\Users\HP\.p2\pool\plugins\org.eclipse.justj.openjdk.hotspot.jre.full.win32.x86_64_22.0.2.v20240802-1626\jre\bin\java.dll
Event: 0.016 Loaded shared library C:\Users\HP\.p2\pool\plugins\org.eclipse.justj.openjdk.hotspot.jre.full.win32.x86_64_22.0.2.v20240802-1626\jre\bin\zip.dll
Event: 0.168 Loaded shared library C:\Users\HP\.p2\pool\plugins\org.eclipse.justj.openjdk.hotspot.jre.full.win32.x86_64_22.0.2.v20240802-1626\jre\bin\net.dll
Event: 0.170 Loaded shared library C:\Users\HP\.p2\pool\plugins\org.eclipse.justj.openjdk.hotspot.jre.full.win32.x86_64_22.0.2.v20240802-1626\jre\bin\nio.dll
Event: 0.175 Loaded shared library C:\Users\HP\.p2\pool\plugins\org.eclipse.justj.openjdk.hotspot.jre.full.win32.x86_64_22.0.2.v20240802-1626\jre\bin\zip.dll
Event: 0.264 Loaded shared library C:\Users\HP\.p2\pool\plugins\org.eclipse.justj.openjdk.hotspot.jre.full.win32.x86_64_22.0.2.v20240802-1626\jre\bin\jimage.dll
Event: 0.349 Loaded shared library C:\Users\HP\.p2\pool\plugins\org.eclipse.justj.openjdk.hotspot.jre.full.win32.x86_64_22.0.2.v20240802-1626\jre\bin\extnet.dll
Event: 1.059 Loaded shared library C:\Users\HP\.p2\pool\plugins\org.eclipse.justj.openjdk.hotspot.jre.full.win32.x86_64_22.0.2.v20240802-1626\jre\bin\sunmscapi.dll

Deoptimization events (20 events):
Event: 1.213 Thread 0x000001fda83ec090 Uncommon trap: trap_request=0xffffffde fr.pc=0x000001fd916986ac relative=0x000000000000010c
Event: 1.213 Thread 0x000001fda83ec090 Uncommon trap: reason=class_check action=maybe_recompile pc=0x000001fd916986ac method=jdk.internal.misc.Unsafe.allocateUninitializedArray(Ljava/lang/Class;I)Ljava/lang/Object; @ 51 c2
Event: 1.213 Thread 0x000001fda83ec090 DEOPT PACKING pc=0x000001fd916986ac sp=0x0000007dca2fca20
Event: 1.213 Thread 0x000001fda83ec090 DEOPT UNPACKING pc=0x000001fd910d46a2 sp=0x0000007dca2fc998 mode 2
Event: 1.213 Thread 0x000001fda83ec090 Uncommon trap: trap_request=0xffffffde fr.pc=0x000001fd916986ac relative=0x000000000000010c
Event: 1.213 Thread 0x000001fda83ec090 Uncommon trap: reason=class_check action=maybe_recompile pc=0x000001fd916986ac method=jdk.internal.misc.Unsafe.allocateUninitializedArray(Ljava/lang/Class;I)Ljava/lang/Object; @ 51 c2
Event: 1.213 Thread 0x000001fda83ec090 DEOPT PACKING pc=0x000001fd916986ac sp=0x0000007dca2fc9d0
Event: 1.213 Thread 0x000001fda83ec090 DEOPT UNPACKING pc=0x000001fd910d46a2 sp=0x0000007dca2fc948 mode 2
Event: 1.213 Thread 0x000001fda83ec090 Uncommon trap: trap_request=0xffffffde fr.pc=0x000001fd916986ac relative=0x000000000000010c
Event: 1.213 Thread 0x000001fda83ec090 Uncommon trap: reason=class_check action=maybe_recompile pc=0x000001fd916986ac method=jdk.internal.misc.Unsafe.allocateUninitializedArray(Ljava/lang/Class;I)Ljava/lang/Object; @ 51 c2
Event: 1.213 Thread 0x000001fda83ec090 DEOPT PACKING pc=0x000001fd916986ac sp=0x0000007dca2fcaa0
Event: 1.213 Thread 0x000001fda83ec090 DEOPT UNPACKING pc=0x000001fd910d46a2 sp=0x0000007dca2fca18 mode 2
Event: 2.010 Thread 0x000001fd846761c0 Uncommon trap: trap_request=0xffffffde fr.pc=0x000001fd91670f6c relative=0x00000000000004cc
Event: 2.010 Thread 0x000001fd846761c0 Uncommon trap: reason=class_check action=maybe_recompile pc=0x000001fd91670f6c method=java.util.HashMap.putVal(ILjava/lang/Object;Ljava/lang/Object;ZZ)Ljava/lang/Object; @ 253 c2
Event: 2.010 Thread 0x000001fd846761c0 DEOPT PACKING pc=0x000001fd91670f6c sp=0x0000007dc84fe710
Event: 2.010 Thread 0x000001fd846761c0 DEOPT UNPACKING pc=0x000001fd910d46a2 sp=0x0000007dc84fe6a0 mode 2
Event: 2.110 Thread 0x000001fd846761c0 Uncommon trap: trap_request=0xffffff45 fr.pc=0x000001fd91669a54 relative=0x0000000000000054
Event: 2.110 Thread 0x000001fd846761c0 Uncommon trap: reason=unstable_if action=reinterpret pc=0x000001fd91669a54 method=java.lang.CharacterData.of(I)Ljava/lang/CharacterData; @ 4 c2
Event: 2.110 Thread 0x000001fd846761c0 DEOPT PACKING pc=0x000001fd91669a54 sp=0x0000007dc84fe2a0
Event: 2.110 Thread 0x000001fd846761c0 DEOPT UNPACKING pc=0x000001fd910d46a2 sp=0x0000007dc84fe240 mode 2

Classes loaded (20 events):
Event: 2.115 Loading class sun/util/logging/resources/logging_en_IN
Event: 2.115 Loading class sun/util/logging/resources/logging_en_IN done
Event: 2.115 Loading class sun/util/logging/resources/logging_en_IN
Event: 2.115 Loading class sun/util/logging/resources/logging_en_IN done
Event: 2.115 Loading class java/util/Formatter$DateTime
Event: 2.115 Loading class java/util/Formatter$DateTime done
Event: 2.115 Loading class java/util/Calendar
Event: 2.116 Loading class java/util/Calendar done
Event: 2.118 Loading class java/time/ZonedDateTime$1
Event: 2.118 Loading class java/time/ZonedDateTime$1 done
Event: 2.118 Loading class java/time/LocalDate$1
Event: 2.118 Loading class java/time/LocalDate$1 done
Event: 2.118 Loading class java/text/DateFormatSymbols
Event: 2.118 Loading class java/text/DateFormatSymbols done
Event: 2.119 Loading class java/text/spi/DateFormatSymbolsProvider
Event: 2.119 Loading class java/text/spi/DateFormatSymbolsProvider done
Event: 2.119 Loading class sun/util/locale/provider/DateFormatSymbolsProviderImpl
Event: 2.119 Loading class sun/util/locale/provider/DateFormatSymbolsProviderImpl done
Event: 2.120 Loading class java/time/LocalTime$1
Event: 2.120 Loading class java/time/LocalTime$1 done

Classes unloaded (0 events):
No events

Classes redefined (0 events):
No events

Internal exceptions (20 events):
Event: 0.850 Thread 0x000001fd846761c0 Exception <a 'java/lang/NoSuchMethodError'{0x000000069a6257b0}: 'java.lang.Object java.lang.invoke.Invokers$Holder.invokeExact_MT(java.lang.Object, java.lang.Object, java.lang.Object, java.lang.Object, java.lang.Object, java.lang.Object)'> (0x000000069a6257b0) 
thrown [s\src\hotspot\share\interpreter\linkResolver.cpp, line 774]
Event: 0.905 Thread 0x000001fd846761c0 Exception <a 'sun/nio/fs/WindowsException'{0x000000069a749a90}> (0x000000069a749a90) 
thrown [s\src\hotspot\share\prims\jni.cpp, line 520]
Event: 0.957 Thread 0x000001fd846761c0 Exception <a 'java/lang/NoSuchMethodError'{0x000000069b215588}: 'void java.lang.invoke.DirectMethodHandle$Holder.invokeVirtual(java.lang.Object, java.lang.Object)'> (0x000000069b215588) 
thrown [s\src\hotspot\share\interpreter\linkResolver.cpp, line 774]
Event: 1.018 Thread 0x000001fd846761c0 Exception <a 'java/lang/NoSuchMethodError'{0x000000069afd9ac0}: 'java.lang.Object java.lang.invoke.DirectMethodHandle$Holder.invokeStaticInit(java.lang.Object, int, int, int, int)'> (0x000000069afd9ac0) 
thrown [s\src\hotspot\share\interpreter\linkResolver.cpp, line 774]
Event: 1.032 Thread 0x000001fd846761c0 Exception <a 'java/lang/NoSuchMethodError'{0x000000069a8555e8}: 'java.lang.Object java.lang.invoke.DirectMethodHandle$Holder.invokeStaticInit(java.lang.Object, java.lang.Object, int, int, int, int)'> (0x000000069a8555e8) 
thrown [s\src\hotspot\share\interpreter\linkResolver.cpp, line 774]
Event: 1.107 Thread 0x000001fd846761c0 Exception <a 'java/lang/NoSuchMethodError'{0x000000069aa50518}: 'java.lang.Object java.lang.invoke.DirectMethodHandle$Holder.invokeInterface(java.lang.Object, java.lang.Object, java.lang.Object)'> (0x000000069aa50518) 
thrown [s\src\hotspot\share\interpreter\linkResolver.cpp, line 774]
Event: 1.107 Thread 0x000001fd846761c0 Exception <a 'java/lang/IncompatibleClassChangeError'{0x000000069aa53910}: Found class java.lang.Object, but interface was expected> (0x000000069aa53910) 
thrown [s\src\hotspot\share\interpreter\linkResolver.cpp, line 841]
Event: 1.109 Thread 0x000001fd846761c0 Exception <a 'java/lang/NoSuchMethodError'{0x000000069aa5aea0}: 'int java.lang.invoke.DirectMethodHandle$Holder.invokeSpecialIFC(java.lang.Object, java.lang.Object, java.lang.Object, java.lang.Object)'> (0x000000069aa5aea0) 
thrown [s\src\hotspot\share\interpreter\linkResolver.cpp, line 774]
Event: 1.113 Thread 0x000001fd846761c0 Exception <a 'java/lang/NoSuchMethodError'{0x000000069aa7dfc0}: 'java.lang.Object java.lang.invoke.DirectMethodHandle$Holder.invokeVirtual(java.lang.Object, java.lang.Object, java.lang.Object, java.lang.Object)'> (0x000000069aa7dfc0) 
thrown [s\src\hotspot\share\interpreter\linkResolver.cpp, line 774]
Event: 1.134 Thread 0x000001fda8306150 Exception <a 'java/net/ConnectException'{0x000000069aad7608}: Connection refused: getsockopt> (0x000000069aad7608) 
thrown [s\src\hotspot\share\prims\jni.cpp, line 539]
Event: 1.171 Thread 0x000001fd846761c0 Exception <a 'java/lang/NoSuchMethodError'{0x000000069abb1a18}: 'java.lang.Object java.lang.invoke.DirectMethodHandle$Holder.newInvokeSpecial(java.lang.Object, java.lang.Object, int, int)'> (0x000000069abb1a18) 
thrown [s\src\hotspot\share\interpreter\linkResolver.cpp, line 774]
Event: 1.172 Thread 0x000001fd846761c0 Exception <a 'java/lang/NoSuchMethodError'{0x000000069abbc0f0}: 'void java.lang.invoke.DirectMethodHandle$Holder.invokeStatic(java.lang.Object, java.lang.Object, int)'> (0x000000069abbc0f0) 
thrown [s\src\hotspot\share\interpreter\linkResolver.cpp, line 774]
Event: 1.186 Thread 0x000001fd846761c0 Exception <a 'java/lang/NoSuchMethodError'{0x000000069b033d18}: 'java.lang.Object java.lang.invoke.DirectMethodHandle$Holder.newInvokeSpecial(java.lang.Object, java.lang.Object, java.lang.Object, java.lang.Object, java.lang.Object)'> (0x000000069b033d18) 
thrown [s\src\hotspot\share\interpreter\linkResolver.cpp, line 774]
Event: 1.221 Thread 0x000001fda83ec090 Exception <a 'java/lang/NoSuchMethodError'{0x000000069b2c72a0}: 'java.lang.Object java.lang.invoke.DirectMethodHandle$Holder.invokeSpecial(java.lang.Object, java.lang.Object, java.lang.Object, java.lang.Object, int)'> (0x000000069b2c72a0) 
thrown [s\src\hotspot\share\interpreter\linkResolver.cpp, line 774]
Event: 1.222 Thread 0x000001fda83ec090 Exception <a 'java/lang/NoSuchMethodError'{0x000000069b2cae48}: 'java.lang.Object java.lang.invoke.Invokers$Holder.linkToTargetMethod(java.lang.Object, java.lang.Object, int, java.lang.Object)'> (0x000000069b2cae48) 
thrown [s\src\hotspot\share\interpreter\linkResolver.cpp, line 774]
Event: 1.229 Thread 0x000001fda83ec090 Exception <a 'java/lang/NoSuchMethodError'{0x000000069b33e230}: 'void java.lang.invoke.DirectMethodHandle$Holder.invokeSpecial(java.lang.Object, java.lang.Object, java.lang.Object)'> (0x000000069b33e230) 
thrown [s\src\hotspot\share\interpreter\linkResolver.cpp, line 774]
Event: 1.237 Thread 0x000001fda83ec090 Exception <a 'java/lang/NoSuchMethodError'{0x000000069b3e3dc8}: 'void java.lang.invoke.DirectMethodHandle$Holder.invokeSpecial(java.lang.Object, java.lang.Object, java.lang.Object, java.lang.Object, java.lang.Object)'> (0x000000069b3e3dc8) 
thrown [s\src\hotspot\share\interpreter\linkResolver.cpp, line 774]
Event: 1.988 Thread 0x000001fda83ecdb0 Exception <a 'java/lang/NoSuchMethodError'{0x000000069ad76650}: 'void java.lang.invoke.DirectMethodHandle$Holder.invokeSpecial(java.lang.Object, java.lang.Object, java.lang.Object, java.lang.Object, java.lang.Object, java.lang.Object, java.lang.Object)'> (0x000000069ad76650) 
thrown [s\src\hotspot\share\interpreter\linkResolver.cpp, line 774]
Event: 2.006 Thread 0x000001fd846761c0 Exception <a 'java/lang/NoSuchMethodError'{0x000000069b0d5568}: 'java.lang.Object java.lang.invoke.DirectMethodHandle$Holder.invokeSpecialIFC(java.lang.Object, java.lang.Object, java.lang.Object)'> (0x000000069b0d5568) 
thrown [s\src\hotspot\share\interpreter\linkResolver.cpp, line 774]
Event: 2.113 Thread 0x000001fd846761c0 Exception <a 'java/lang/ClassNotFoundException'{0x000000069b0584a8}: sun/util/logging/resources/spi/loggingProvider> (0x000000069b0584a8) 
thrown [s\src\hotspot\share\classfile\systemDictionary.cpp, line 313]

ZGC Phase Switch (0 events):
No events

VM Operations (20 events):
Event: 0.944 Executing VM operation: G1CollectForAllocation (G1 Evacuation Pause)
Event: 0.949 Executing VM operation: G1CollectForAllocation (G1 Evacuation Pause) done
Event: 1.119 Executing VM operation: HandshakeAllThreads (Deoptimize)
Event: 1.119 Executing VM operation: HandshakeAllThreads (Deoptimize) done
Event: 1.149 Executing VM operation: HandshakeAllThreads (Deoptimize)
Event: 1.149 Executing VM operation: HandshakeAllThreads (Deoptimize) done
Event: 1.177 Executing VM operation: G1CollectForAllocation (G1 Evacuation Pause)
Event: 1.181 Executing VM operation: G1CollectForAllocation (G1 Evacuation Pause) done
Event: 1.971 Executing VM operation: HandshakeAllThreads (Deoptimize)
Event: 1.971 Executing VM operation: HandshakeAllThreads (Deoptimize) done
Event: 1.974 Executing VM operation: HandshakeAllThreads (Deoptimize)
Event: 1.974 Executing VM operation: HandshakeAllThreads (Deoptimize) done
Event: 2.104 Executing VM operation: CollectForMetadataAllocation (Metadata GC Threshold)
Event: 2.107 Executing VM operation: CollectForMetadataAllocation (Metadata GC Threshold) done
Event: 2.108 Executing VM operation: HandshakeAllThreads (Deoptimize)
Event: 2.108 Executing VM operation: HandshakeAllThreads (Deoptimize) done
Event: 2.115 Executing VM operation: G1PauseRemark
Event: 2.118 Executing VM operation: G1PauseRemark done
Event: 2.120 Executing VM operation: G1PauseCleanup
Event: 2.120 Executing VM operation: G1PauseCleanup done

Memory protections (0 events):
No events

Nmethod flushes (0 events):
No events

Events (20 events):
Event: 0.471 Thread 0x000001fd846761c0 Thread added: 0x000001fda79b9680
Event: 0.718 Thread 0x000001fda76558c0 Thread exited: 0x000001fda76558c0
Event: 0.723 Thread 0x000001fda79b9680 Thread exited: 0x000001fda79b9680
Event: 0.788 Thread 0x000001fd846761c0 Thread added: 0x000001fda7c4b4f0
Event: 1.088 Thread 0x000001fd846761c0 Thread added: 0x000001fda83dff60
Event: 1.117 Thread 0x000001fd846761c0 Thread added: 0x000001fda830a4a0
Event: 1.119 Thread 0x000001fd846761c0 Thread added: 0x000001fda830ab10
Event: 1.119 Thread 0x000001fd846761c0 Thread added: 0x000001fda8411750
Event: 1.125 Thread 0x000001fda830ab10 Thread added: 0x000001fda8306150
Event: 1.149 Thread 0x000001fda8306150 Thread added: 0x000001fda83067c0
Event: 1.194 Thread 0x000001fd846761c0 Thread added: 0x000001fda83ec090
Event: 1.196 Thread 0x000001fd846761c0 Thread added: 0x000001fda83ee160
Event: 1.246 Thread 0x000001fda83dff60 Thread added: 0x000001fda83ecdb0
Event: 1.247 Thread 0x000001fda83dff60 Thread added: 0x000001fda83ed440
Event: 1.248 Thread 0x000001fda83dff60 Thread added: 0x000001fda83eace0
Event: 2.043 Thread 0x000001fd846761c0 Thread added: 0x000001fda83eb370
Event: 2.043 Thread 0x000001fd846761c0 Thread added: 0x000001fda83eba00
Event: 2.045 Thread 0x000001fda83eb370 Thread added: 0x000001fda83ec720
Event: 2.045 Thread 0x000001fda83eb370 Thread added: 0x000001fda83edad0
Event: 2.045 Thread 0x000001fda83eb370 Thread added: 0x000001fda8484850


Dynamic libraries:
0x00007ff7573f0000 - 0x00007ff7573fe000 	C:\Users\HP\.p2\pool\plugins\org.eclipse.justj.openjdk.hotspot.jre.full.win32.x86_64_22.0.2.v20240802-1626\jre\bin\javaw.exe
0x00007ffe27990000 - 0x00007ffe27ba7000 	C:\WINDOWS\SYSTEM32\ntdll.dll
0x00007ffe26dd0000 - 0x00007ffe26e94000 	C:\WINDOWS\System32\KERNEL32.DLL
0x00007ffe24d60000 - 0x00007ffe25119000 	C:\WINDOWS\System32\KERNELBASE.dll
0x00007ffe25590000 - 0x00007ffe256a1000 	C:\WINDOWS\System32\ucrtbase.dll
0x00007ffdffd80000 - 0x00007ffdffd97000 	C:\Users\HP\.p2\pool\plugins\org.eclipse.justj.openjdk.hotspot.jre.full.win32.x86_64_22.0.2.v20240802-1626\jre\bin\jli.dll
0x00007ffe26b30000 - 0x00007ffe26cde000 	C:\WINDOWS\System32\USER32.dll
0x00007ffe24d30000 - 0x00007ffe24d56000 	C:\WINDOWS\System32\win32u.dll
0x00007ffe26ce0000 - 0x00007ffe26d09000 	C:\WINDOWS\System32\GDI32.dll
0x00007ffe25120000 - 0x00007ffe2523b000 	C:\WINDOWS\System32\gdi32full.dll
0x00007ffe24c90000 - 0x00007ffe24d2a000 	C:\WINDOWS\System32\msvcp_win.dll
0x00007ffdedc10000 - 0x00007ffdedc2b000 	C:\Users\HP\.p2\pool\plugins\org.eclipse.justj.openjdk.hotspot.jre.full.win32.x86_64_22.0.2.v20240802-1626\jre\bin\VCRUNTIME140.dll
0x00007ffe23e80000 - 0x00007ffe24112000 	C:\WINDOWS\WinSxS\amd64_microsoft.windows.common-controls_6595b64144ccf1df_6.0.22621.4391_none_2715d37f73803e96\COMCTL32.dll
0x00007ffe26950000 - 0x00007ffe269f7000 	C:\WINDOWS\System32\msvcrt.dll
0x00007ffe25760000 - 0x00007ffe25791000 	C:\WINDOWS\System32\IMM32.DLL
0x00007ffe042e0000 - 0x00007ffe042ec000 	C:\Users\HP\.p2\pool\plugins\org.eclipse.justj.openjdk.hotspot.jre.full.win32.x86_64_22.0.2.v20240802-1626\jre\bin\vcruntime140_1.dll
0x00007ffdee0c0000 - 0x00007ffdee14e000 	C:\Users\HP\.p2\pool\plugins\org.eclipse.justj.openjdk.hotspot.jre.full.win32.x86_64_22.0.2.v20240802-1626\jre\bin\msvcp140.dll
0x00007ffdb44c0000 - 0x00007ffdb5283000 	C:\Users\HP\.p2\pool\plugins\org.eclipse.justj.openjdk.hotspot.jre.full.win32.x86_64_22.0.2.v20240802-1626\jre\bin\server\jvm.dll
0x00007ffe26d10000 - 0x00007ffe26dc2000 	C:\WINDOWS\System32\ADVAPI32.dll
0x00007ffe26a80000 - 0x00007ffe26b27000 	C:\WINDOWS\System32\sechost.dll
0x00007ffe254f0000 - 0x00007ffe25518000 	C:\WINDOWS\System32\bcrypt.dll
0x00007ffe25fb0000 - 0x00007ffe260c4000 	C:\WINDOWS\System32\RPCRT4.dll
0x00007ffe27000000 - 0x00007ffe27071000 	C:\WINDOWS\System32\WS2_32.dll
0x00007ffe24b60000 - 0x00007ffe24bad000 	C:\WINDOWS\SYSTEM32\POWRPROF.dll
0x00007ffe1cf90000 - 0x00007ffe1cfc4000 	C:\WINDOWS\SYSTEM32\WINMM.dll
0x00007ffe0f7b0000 - 0x00007ffe0f7ba000 	C:\WINDOWS\SYSTEM32\VERSION.dll
0x00007ffe24b40000 - 0x00007ffe24b53000 	C:\WINDOWS\SYSTEM32\UMPDC.dll
0x00007ffe23350000 - 0x00007ffe23368000 	C:\WINDOWS\SYSTEM32\kernel.appcore.dll
0x00007ffe033f0000 - 0x00007ffe033fa000 	C:\Users\HP\.p2\pool\plugins\org.eclipse.justj.openjdk.hotspot.jre.full.win32.x86_64_22.0.2.v20240802-1626\jre\bin\jimage.dll
0x00007ffe244c0000 - 0x00007ffe246f2000 	C:\WINDOWS\SYSTEM32\DBGHELP.DLL
0x00007ffe257e0000 - 0x00007ffe25b6f000 	C:\WINDOWS\System32\combase.dll
0x00007ffe27660000 - 0x00007ffe27737000 	C:\WINDOWS\System32\OLEAUT32.dll
0x00007ffe243f0000 - 0x00007ffe24422000 	C:\WINDOWS\SYSTEM32\dbgcore.DLL
0x00007ffe253b0000 - 0x00007ffe2542b000 	C:\WINDOWS\System32\bcryptPrimitives.dll
0x00007ffded990000 - 0x00007ffded9ae000 	C:\Users\HP\.p2\pool\plugins\org.eclipse.justj.openjdk.hotspot.jre.full.win32.x86_64_22.0.2.v20240802-1626\jre\bin\java.dll
0x00007ffe260d0000 - 0x00007ffe26946000 	C:\WINDOWS\System32\SHELL32.dll
0x00007ffe27740000 - 0x00007ffe278e5000 	C:\WINDOWS\System32\ole32.dll
0x00007ffddc1c0000 - 0x00007ffddc1d7000 	C:\Users\HP\.p2\pool\plugins\org.eclipse.justj.openjdk.hotspot.jre.full.win32.x86_64_22.0.2.v20240802-1626\jre\bin\zip.dll
0x00007ffe222e0000 - 0x00007ffe22be3000 	C:\WINDOWS\SYSTEM32\windows.storage.dll
0x00007ffe221a0000 - 0x00007ffe222df000 	C:\WINDOWS\SYSTEM32\wintypes.dll
0x00007ffe25b90000 - 0x00007ffe25c89000 	C:\WINDOWS\System32\SHCORE.dll
0x00007ffe25f50000 - 0x00007ffe25fae000 	C:\WINDOWS\System32\shlwapi.dll
0x00007ffe24bc0000 - 0x00007ffe24beb000 	C:\WINDOWS\SYSTEM32\profapi.dll
0x00007ffdfdb80000 - 0x00007ffdfdb90000 	C:\Users\HP\.p2\pool\plugins\org.eclipse.justj.openjdk.hotspot.jre.full.win32.x86_64_22.0.2.v20240802-1626\jre\bin\net.dll
0x00007ffe237e0000 - 0x00007ffe23849000 	C:\WINDOWS\system32\mswsock.dll
0x00007ffddc1a0000 - 0x00007ffddc1b6000 	C:\Users\HP\.p2\pool\plugins\org.eclipse.justj.openjdk.hotspot.jre.full.win32.x86_64_22.0.2.v20240802-1626\jre\bin\nio.dll
0x00007ffda1da0000 - 0x00007ffda1da9000 	C:\Users\HP\.p2\pool\plugins\org.eclipse.justj.openjdk.hotspot.jre.full.win32.x86_64_22.0.2.v20240802-1626\jre\bin\extnet.dll
0x00007ffe22f10000 - 0x00007ffe23012000 	C:\WINDOWS\SYSTEM32\DNSAPI.dll
0x00007ffe22e90000 - 0x00007ffe22ebd000 	C:\WINDOWS\SYSTEM32\IPHLPAPI.DLL
0x00007ffe257b0000 - 0x00007ffe257b9000 	C:\WINDOWS\System32\NSI.dll
0x00007ffe03fe0000 - 0x00007ffe03fea000 	C:\Windows\System32\rasadhlp.dll
0x00007ffe1a980000 - 0x00007ffe1aa03000 	C:\WINDOWS\System32\fwpuclnt.dll
0x00007ffe24840000 - 0x00007ffe2485b000 	C:\WINDOWS\SYSTEM32\CRYPTSP.dll
0x00007ffe23b70000 - 0x00007ffe23ba5000 	C:\WINDOWS\system32\rsaenh.dll
0x00007ffe23850000 - 0x00007ffe23878000 	C:\WINDOWS\SYSTEM32\USERENV.dll
0x00007ffe23b60000 - 0x00007ffe23b6c000 	C:\WINDOWS\SYSTEM32\CRYPTBASE.dll
0x00007ffdb3e00000 - 0x00007ffdb3e0e000 	C:\Users\HP\.p2\pool\plugins\org.eclipse.justj.openjdk.hotspot.jre.full.win32.x86_64_22.0.2.v20240802-1626\jre\bin\sunmscapi.dll
0x00007ffe25240000 - 0x00007ffe253a6000 	C:\WINDOWS\System32\CRYPT32.dll
0x00007ffe23e50000 - 0x00007ffe23e7d000 	C:\WINDOWS\SYSTEM32\ncrypt.dll
0x00007ffe23e10000 - 0x00007ffe23e47000 	C:\WINDOWS\SYSTEM32\NTASN1.dll
0x00007ffe064b0000 - 0x00007ffe064b8000 	C:\WINDOWS\system32\wshunix.dll

dbghelp: loaded successfully - version: 4.0.5 - missing functions: none
symbol engine: initialized successfully - sym options: 0x614 - pdb path: .;C:\Users\HP\.p2\pool\plugins\org.eclipse.justj.openjdk.hotspot.jre.full.win32.x86_64_22.0.2.v20240802-1626\jre\bin;C:\WINDOWS\SYSTEM32;C:\WINDOWS\WinSxS\amd64_microsoft.windows.common-controls_6595b64144ccf1df_6.0.22621.4391_none_2715d37f73803e96;C:\Users\HP\.p2\pool\plugins\org.eclipse.justj.openjdk.hotspot.jre.full.win32.x86_64_22.0.2.v20240802-1626\jre\bin\server

VM Arguments:
jvm_args: -Dfile.encoding=UTF-8 -Dstdout.encoding=UTF-8 -Dstderr.encoding=UTF-8 -XX:+ShowCodeDetailsInExceptionMessages 
java_command: Day32.Practise32
java_class_path (initial): C:\Users\HP\eclipse-workspace\Cucumber\SeleniumWebDriver\target\test-classes;C:\Users\HP\eclipse-workspace\Cucumber\SeleniumWebDriver\target\classes;C:\Users\HP\.m2\repository\org\seleniumhq\selenium\selenium-java\4.26.0\selenium-java-4.26.0.jar;C:\Users\HP\.m2\repository\org\seleniumhq\selenium\selenium-api\4.26.0\selenium-api-4.26.0.jar;C:\Users\HP\.m2\repository\org\jspecify\jspecify\1.0.0\jspecify-1.0.0.jar;C:\Users\HP\.m2\repository\org\seleniumhq\selenium\selenium-chrome-driver\4.26.0\selenium-chrome-driver-4.26.0.jar;C:\Users\HP\.m2\repository\com\google\auto\service\auto-service-annotations\1.1.1\auto-service-annotations-1.1.1.jar;C:\Users\HP\.m2\repository\org\seleniumhq\selenium\selenium-chromium-driver\4.26.0\selenium-chromium-driver-4.26.0.jar;C:\Users\HP\.m2\repository\org\seleniumhq\selenium\selenium-json\4.26.0\selenium-json-4.26.0.jar;C:\Users\HP\.m2\repository\org\seleniumhq\selenium\selenium-manager\4.26.0\selenium-manager-4.26.0.jar;C:\Users\HP\.m2\repository\org\seleniumhq\selenium\selenium-devtools-v128\4.26.0\selenium-devtools-v128-4.26.0.jar;C:\Users\HP\.m2\repository\org\seleniumhq\selenium\selenium-devtools-v129\4.26.0\selenium-devtools-v129-4.26.0.jar;C:\Users\HP\.m2\repository\org\seleniumhq\selenium\selenium-devtools-v130\4.26.0\selenium-devtools-v130-4.26.0.jar;C:\Users\HP\.m2\repository\org\seleniumhq\selenium\selenium-devtools-v85\4.26.0\selenium-devtools-v85-4.26.0.jar;C:\Users\HP\.m2\repository\org\seleniumhq\selenium\selenium-edge-driver\4.26.0\selenium-edge-driver-4.26.0.jar;C:\Users\HP\.m2\repository\org\seleniumhq\selenium\selenium-firefox-driver\4.26.0\selenium-firefox-driver-4.26.0.jar;C:\Users\HP\.m2\repository\org\seleniumhq\selenium\selenium-http\4.26.0\selenium-http-4.26.0.jar;C:\Users\HP\.m2\repository\dev\failsafe\failsafe\3.3.2\failsafe-3.3.2.jar;C:\Users\HP\.m2\repository\org\seleniumhq\selenium\selenium-ie-driver\4.26.0\selenium-ie-driver-4.26.0.jar;C:\Users\HP\.m2\repository\org\seleniumhq\selenium\selenium-remote-driver\4.26.0\selenium-remote-driver-4.26.0.jar;C:\Users\HP\.m2\repository\com\google\guava\guava\33.3.1-jre\guava-33.3.1-jre.jar;C:\Users\HP\.m2\repository\com\google\guava\failureaccess\1.0.2\failureaccess-1.0.2.jar;C:\Users\HP\.m2\repository\com\google\guava\listenablefuture\9999.0-empty-to-avoid-conflict-with-guava\listenablefuture-9999.0-empty-to-avoid-conflict-with-guava.jar;C:\Users\HP\.m2\repository\com\google\code\findbugs\jsr305\3.0.2\jsr305-3.0.2.jar;C:\Users\HP\.m2\repository\org\checkerframework\checker-qual\3.43.0\checker-qual-3.43.0.jar;C:\Users\HP\.m2\repository\com\google\j2objc\j2objc-annotations\3.0.0\j2objc-annotations-3.0.0.jar;C:\Users\HP\.m2\repository\io\opentelemetry\semconv\opentelemetry-semconv\1.25.0-alpha\opentelemetry-semconv-1.25.0-alpha.jar;C:\Users\HP\.m2\repository\io\opentelemetry\opentelemetry-api\1.43.0\opentelemetry-api-1.43.0.jar;C:\Users\HP\.m2\repository\io\opentelemetry\opentelemetry-context\1.43.0\opentelemetry-context-1.43.0.jar;C:\Users\HP\.m2\repository\io\opentelemetry\opentelemetry-exporter-logging\1.43.0\opentelemetry-exporter-logging-1.43.0.jar;C:\Users\HP\.m2\repository\io\opentelemetry\opentelemetry-sdk-common\1.43.0\opentelemetry-sdk-common-1.43.0.jar;C:\Users\HP\.m2\repository\io\opentelemetry\opentelemetry-sdk-extension-autoconfigure-spi\1.43.0\opentelemetry-sdk-extension-autoconfigure-spi-1.43.0.jar;C:\Users\HP\.m2\repository\io\opentelemetry\opentelemetry-sdk-extension-autoconfigure\1.43.0\opentelemetry-sdk-extension-autoconfigure-1.43.0.jar;C:\Users\HP\.m2\repository\io\opentelemetry\opentelemetry-api-incubator\1.43.0-alpha\opentelemetry-api-incubator-1.43.0-alpha.jar;C:\Users\HP\.m2\repository\io\opentelemetry\opentelemetry-sdk-trace\1.43.0\opentelemetry-sdk-trace-1.43.0.jar;C:\Users\HP\.m2\repository\io\opentelemetry\opentelemetry-sdk\1.43.0\opentelemetry-sdk-1.43.0.jar;C:\Users\HP\.m2\repository\io\opentelemetry\opentelemetry-sdk-metrics\1.43.0\opentelemetry-sdk-metrics-1.43.0.jar;C:\Users\HP\.m2\repository\io\opentelemetry\opentelemetry-sdk-logs\1.43.0\opentelemetry-sdk-logs-1.43.0.jar;C:\Users\HP\.m2\repository\net\bytebuddy\byte-buddy\1.15.7\byte-buddy-1.15.7.jar;C:\Users\HP\.m2\repository\org\seleniumhq\selenium\selenium-os\4.26.0\selenium-os-4.26.0.jar;C:\Users\HP\.m2\repository\org\apache\commons\commons-exec\1.4.0\commons-exec-1.4.0.jar;C:\Users\HP\.m2\repository\org\seleniumhq\selenium\selenium-safari-driver\4.26.0\selenium-safari-driver-4.26.0.jar;C:\Users\HP\.m2\repository\org\seleniumhq\selenium\selenium-support\4.26.0\selenium-support-4.26.0.jar;C:\Users\HP\.m2\repository\io\github\bonigarcia\webdrivermanager\5.9.2\webdrivermanager-5.9.2.jar;C:\Users\HP\.m2\repository\org\slf4j\slf4j-api\2.0.13\slf4j-api-2.0.13.jar;C:\Users\HP\.m2\repository\com\google\code\gson\gson\2.11.0\gson-2.11.0.jar;C:\Users\HP\.m2\repository\com\google\errorprone\error_prone_annotations\2.27.0\error_prone_annotations-2.27.0.jar;C:\Users\HP\.m2\repository\com\github\docker-java\docker-java\3.4.0\docker-java-3.4.0.jar;C:\Users\HP\.m2\repository\com\github\docker-java\docker-java-core\3.4.0\docker-java-core-3.4.0.jar;C:\Users\HP\.m2\repository\com\github\docker-java\docker-java-api\3.4.0\docker-java-api-3.4.0.jar;C:\Users\HP\.m2\repository\com\fasterxml\jackson\core\jackson-annotations\2.10.3\jackson-annotations-2.10.3.jar;C:\Users\HP\.m2\repository\com\fasterxml\jackson\core\jackson-databind\2.10.3\jackson-databind-2.10.3.jar;C:\Users\HP\.m2\repository\com\fasterxml\jackson\core\jackson-core\2.10.3\jackson-core-2.10.3.jar;C:\Users\HP\.m2\repository\org\slf4j\jcl-over-slf4j\1.7.30\jcl-over-slf4j-1.7.30.jar;C:\Users\HP\.m2\repository\com\github\docker-java\docker-java-transport-httpclient5\3.4.0\docker-java-transport-httpclient5-3.4.0.jar;C:\Users\HP\.m2\repository\com\github\docker-java\docker-java-transport\3.4.0\docker-java-transport-3.4.0.jar;C:\Users\HP\.m2\repository\net\java\dev\jna\jna\5.13.0\jna-5.13.0.jar;C:\Users\HP\.m2\repository\org\brotli\dec\0.1.2\dec-0.1.2.jar;C:\Users\HP\.m2\repository\org\apache\commons\commons-lang3\3.15.0\commons-lang3-3.15.0.jar;C:\Users\HP\.m2\repository\org\apache\commons\commons-compress\1.26.2\commons-compress-1.26.2.jar;C:\Users\HP\.m2\repository\commons-codec\commons-codec\1.17.0\commons-codec-1.17.0.jar;C:\Users\HP\.m2\repository\commons-io\commons-io\2.16.1\commons-io-2.16.1.jar;C:\Users\HP\.m2\repository\org\apache\httpcomponents\client5\httpclient5\5.2.1\httpclient5-5.2.1.jar;C:\Users\HP\.m2\repository\org\apache\httpcomponents\core5\httpcore5\5.2\httpcore5-5.2.jar;C:\Users\HP\.m2\repository\org\apache\httpcomponents\core5\httpcore5-h2\5.2\httpcore5-h2-5.2.jar;C:\Users\HP\.m2\repository\org\testng\testng\7.10.1\testng-7.10.1.jar;C:\Users\HP\.m2\repository\com\beust\jcommander\1.82\jcommander-1.82.jar;C:\Users\HP\.m2\repository\org\webjars\jquery\3.7.1\jquery-3.7.1.jar;C:\Users\HP\.m2\repository\com\aventstack\extentreports\5.1.1\extentreports-5.1.1.jar;C:\Users\HP\.m2\repository\io\reactivex\rxjava3\rxjava\3.1.6\rxjava-3.1.6.jar;C:\Users\HP\.m2\repository\org\reactivestreams\reactive-streams\1.0.4\reactive-streams-1.0.4.jar;C:\Users\HP\.m2\repository\org\freemarker\freemarker\2.3.32\freemarker-2.3.32.jar;C:\Users\HP\.m2\repository\org\projectlombok\lombok\1.18.26\lombok-1.18.26.jar
Launcher Type: SUN_STANDARD

[Global flags]
     intx CICompilerCount                          = 3                                         {product} {ergonomic}
     uint ConcGCThreads                            = 1                                         {product} {ergonomic}
     uint G1ConcRefinementThreads                  = 4                                         {product} {ergonomic}
   size_t G1HeapRegionSize                         = 4194304                                   {product} {ergonomic}
   size_t InitialHeapSize                          = 402653184                                 {product} {ergonomic}
   size_t MarkStackSize                            = 4194304                                   {product} {ergonomic}
   size_t MaxHeapSize                              = 6387924992                                {product} {ergonomic}
   size_t MaxNewSize                               = 3829399552                                {product} {ergonomic}
   size_t MinHeapDeltaBytes                        = 4194304                                   {product} {ergonomic}
   size_t MinHeapSize                              = 8388608                                   {product} {ergonomic}
    uintx NonNMethodCodeHeapSize                   = 5832780                                {pd product} {ergonomic}
    uintx NonProfiledCodeHeapSize                  = 122912730                              {pd product} {ergonomic}
    uintx ProfiledCodeHeapSize                     = 122912730                              {pd product} {ergonomic}
    uintx ReservedCodeCacheSize                    = 251658240                              {pd product} {ergonomic}
     bool SegmentedCodeCache                       = true                                      {product} {ergonomic}
     bool ShowCodeDetailsInExceptionMessages       = true                                   {manageable} {command line}
   size_t SoftMaxHeapSize                          = 6387924992                             {manageable} {ergonomic}
     bool UseCompressedOops                        = true                           {product lp64_product} {ergonomic}
     bool UseG1GC                                  = true                                      {product} {ergonomic}
     bool UseLargePagesIndividualAllocation        = false                                  {pd product} {ergonomic}

Logging:
Log output configuration:
 #0: stdout all=warning uptime,level,tags foldmultilines=false
 #1: stderr all=off uptime,level,tags foldmultilines=false

Environment Variables:
JAVA_HOME=C:\Program Files\Java\jdk-17
PATH=C:/Users/HP/.p2/pool/plugins/org.eclipse.justj.openjdk.hotspot.jre.full.win32.x86_64_22.0.2.v20240802-1626/jre/bin/server;C:/Users/HP/.p2/pool/plugins/org.eclipse.justj.openjdk.hotspot.jre.full.win32.x86_64_22.0.2.v20240802-1626/jre/bin;C:\Program Files\Common Files\Oracle\Java\javapath;C:\WINDOWS\system32;C:\WINDOWS;C:\WINDOWS\System32\Wbem;C:\WINDOWS\System32\WindowsPowerShell\v1.0\;C:\WINDOWS\System32\OpenSSH\;C:\Program Files\nodejs\;C:\Users\HP\AppData\Local\Android\Sdk\platform-tools;C:\Users\HP\AppData\Local\Android\Sdk\platforms;C:\Users\HP\AppData\Local\Android\Sdk\tools;C:\Users\HP\AppData\Local\Microsoft\WindowsApps;C:\Users\HP\AppData\Roaming\npm;;C:\Users\HP\Desktop;
USERNAME=HP
OS=Windows_NT
PROCESSOR_IDENTIFIER=Intel64 Family 6 Model 142 Stepping 12, GenuineIntel
TMP=C:\Users\HP\AppData\Local\Temp
TEMP=C:\Users\HP\AppData\Local\Temp




Periodic native trim disabled

---------------  S Y S T E M  ---------------

OS:
 Windows 11 , 64 bit Build 22621 (10.0.22621.4391)
OS uptime: 0 days 15:17 hours
Hyper-V role detected

CPU: total 4 (initial active 4) (2 cores per cpu, 2 threads per core) family 6 model 142 stepping 12 microcode 0xde, cx8, cmov, fxsr, ht, mmx, 3dnowpref, sse, sse2, sse3, ssse3, sse4.1, sse4.2, popcnt, lzcnt, tsc, tscinvbit, avx, avx2, aes, erms, clmul, bmi1, bmi2, adx, fma, vzeroupper, clflush, clflushopt, hv, rdtscp, f16c
Processor Information for all 4 processors :
  Max Mhz: 2592, Current Mhz: 2093, Mhz Limit: 2073

Memory: 4k page, system-wide physical 24363M (14656M free)
TotalPageFile size 25899M (AvailPageFile size 15648M)
current process WorkingSet (physical memory assigned to process): 101M, peak: 107M
current process commit charge ("private bytes"): 150M, peak: 489M

vm_info: OpenJDK 64-Bit Server VM (22.0.2+9) for windows-amd64 JRE (22.0.2+9), built on 2024-07-16T00:00:00Z by "admin" with MS VC++ 17.7 (VS2022)

END.
